<?xml version="1.0" encoding="UTF-8"?>
<testng-results skipped="0" failed="0" ignored="0" total="1" passed="1">
  <reporter-output>
  </reporter-output>
  <suite name="Default suite" duration-ms="121837" started-at="2022-03-17T05:31:34 IST" finished-at="2022-03-17T05:33:36 IST">
    <groups>
    </groups>
    <test name="Default test" duration-ms="121837" started-at="2022-03-17T05:31:34 IST" finished-at="2022-03-17T05:33:36 IST">
      <class name="com.GreatLearning.TestSuite.HappyFlowAutomationTestSuite">
        <test-method status="PASS" signature="Base()[pri:0, instance:com.GreatLearning.TestSuite.HappyFlowAutomationTestSuite@4c309d4d]" name="Base" is-config="true" duration-ms="9432" started-at="2022-03-17T05:31:34 IST" finished-at="2022-03-17T05:31:44 IST">
          <reporter-output>
          </reporter-output>
        </test-method> <!-- Base -->
        <test-method status="PASS" signature="ATC_001_GreatLearningHappyFlow()[pri:0, instance:com.GreatLearning.TestSuite.HappyFlowAutomationTestSuite@4c309d4d]" name="ATC_001_GreatLearningHappyFlow" duration-ms="111422" started-at="2022-03-17T05:31:44 IST" finished-at="2022-03-17T05:33:35 IST">
          <reporter-output>
          </reporter-output>
        </test-method> <!-- ATC_001_GreatLearningHappyFlow -->
        <test-method status="PASS" signature="endTest()[pri:0, instance:com.GreatLearning.TestSuite.HappyFlowAutomationTestSuite@4c309d4d]" name="endTest" is-config="true" duration-ms="120" started-at="2022-03-17T05:33:35 IST" finished-at="2022-03-17T05:33:35 IST">
          <reporter-output>
          </reporter-output>
        </test-method> <!-- endTest -->
        <test-method status="PASS" signature="tearDown()[pri:0, instance:com.GreatLearning.TestSuite.HappyFlowAutomationTestSuite@4c309d4d]" name="tearDown" is-config="true" duration-ms="768" started-at="2022-03-17T05:33:35 IST" finished-at="2022-03-17T05:33:36 IST">
          <reporter-output>
          </reporter-output>
        </test-method> <!-- tearDown -->
      </class> <!-- com.GreatLearning.TestSuite.HappyFlowAutomationTestSuite -->
    </test> <!-- Default test -->
  </suite> <!-- Default suite -->
</testng-results>
